./libs_deblur\demo\train.log	cpu


Epoch 1/15
----------
train
	loss: 0.110884
val
	loss: 0.200077

Epoch 2/15
----------
train
	loss: 0.088682
val
	loss: 0.199622

Epoch 3/15
----------
train
	loss: 0.088670
val
	loss: 0.199168

Epoch 4/15
----------
train
	loss: 0.089969
val
	loss: 0.198706

Epoch 5/15
----------
train
	loss: 0.084216
val
	loss: 0.198236

Epoch 6/15
----------
train
	loss: 0.085453
val
	loss: 0.197802

Epoch 7/15
----------
train
	loss: 0.088321
val
	loss: 0.197388

Epoch 8/15
----------
train
	loss: 0.084379
val
	loss: 0.196983

Epoch 9/15
----------
train
	loss: 0.079200
val
	loss: 0.196574

Epoch 10/15
----------
train
	loss: 0.085473
val
	loss: 0.196179

Epoch 11/15
----------
train
	loss: 0.084000
val
	loss: 0.195793

Epoch 12/15
----------
train
	loss: 0.088551
val
	loss: 0.195417

Epoch 13/15
----------
train
	loss: 0.084704
val
	loss: 0.195045

Epoch 14/15
----------
train
	loss: 0.089980
val
	loss: 0.194703

Epoch 15/15
----------
train
	loss: 0.083069
val
	loss: 0.194336
Training complete in 56m 9s
